<?xml version="1.0" encoding="UTF-8"?>
<!-- Generated by org.testng.reporters.JUnitReportReporter -->
<testsuite hostname="DESKTOP-7K882U9" failures="0" tests="2" name="qaclickacademy.SeleniumTest" time="0.027" errors="0" timestamp="2021-09-18T10:39:56 EDT" skipped="0">
  <testcase classname="qaclickacademy.SeleniumTest" name="elementsUi" time="0.007"/>
  <system-out/>
  <testcase classname="qaclickacademy.SeleniumTest" name="BrowserAutomation" time="0.020"/>
  <system-out/>
</testsuite> <!-- qaclickacademy.SeleniumTest -->
