<?xml version="1.0" encoding="UTF-8"?>
<!-- Generated by org.testng.reporters.JUnitReportReporter -->
<testsuite hostname="DESKTOP-7K882U9" failures="0" tests="1" name="qaclickacademy.AppTest" time="0.003" errors="0" timestamp="2021-07-09T21:22:22 EDT" skipped="0">
  <testcase classname="qaclickacademy.AppTest" name="shouldAnswerWithTrue" time="0.003"/>
  <system-out/>
</testsuite> <!-- qaclickacademy.AppTest -->
