<?xml version="1.0" encoding="UTF-8"?>
<!-- Generated by org.testng.reporters.JUnitReportReporter -->
<testsuite hostname="DESKTOP-7K882U9" failures="0" tests="2" name="qaclickacademy.AppiumTest" time="0.008" errors="0" timestamp="2021-07-09T21:41:51 EDT" skipped="0">
  <testcase classname="qaclickacademy.AppiumTest" name="NativeAppAndriod" time="0.000"/>
  <system-out/>
  <testcase classname="qaclickacademy.AppiumTest" name="IOSApps" time="0.008"/>
  <system-out/>
</testsuite> <!-- qaclickacademy.AppiumTest -->
